[debug] [2024-09-24T18:55:19.686Z] ----------------------------------------------------------------------
[debug] [2024-09-24T18:55:19.692Z] Command:       C:\Program Files\nodejs\node.exe C:\Users\romer\AppData\Roaming\npm\node_modules\firebase-tools\lib\bin\firebase.js functions:shell
[debug] [2024-09-24T18:55:19.693Z] CLI Version:   13.18.0
[debug] [2024-09-24T18:55:19.693Z] Platform:      win32
[debug] [2024-09-24T18:55:19.693Z] Node Version:  v20.13.1
[debug] [2024-09-24T18:55:19.693Z] Time:          Tue Sep 24 2024 15:55:19 GMT-0300 (Brasilia Standard Time)
[debug] [2024-09-24T18:55:19.693Z] ----------------------------------------------------------------------
[debug] 
[debug] [2024-09-24T18:55:19.697Z] >>> [apiv2][query] GET https://firebase-public.firebaseio.com/cli.json [none]
[debug] [2024-09-24T18:55:19.779Z] > command requires scopes: ["email","openid","https://www.googleapis.com/auth/cloudplatformprojects.readonly","https://www.googleapis.com/auth/firebase","https://www.googleapis.com/auth/cloud-platform"]
[debug] [2024-09-24T18:55:19.780Z] > authorizing via signed-in user (romerobruno788@gmail.com)
[debug] [2024-09-24T18:55:19.780Z] [iam] checking project dfatto-a05ca for permissions ["firebase.projects.get"]
[debug] [2024-09-24T18:55:19.780Z] > refreshing access token with scopes: []
[debug] [2024-09-24T18:55:19.781Z] >>> [apiv2][query] POST https://www.googleapis.com/oauth2/v3/token [none]
[debug] [2024-09-24T18:55:19.781Z] >>> [apiv2][body] POST https://www.googleapis.com/oauth2/v3/token [omitted]
[debug] [2024-09-24T18:55:20.169Z] <<< [apiv2][status] POST https://www.googleapis.com/oauth2/v3/token 200
[debug] [2024-09-24T18:55:20.169Z] <<< [apiv2][body] POST https://www.googleapis.com/oauth2/v3/token [omitted]
[debug] [2024-09-24T18:55:20.174Z] >>> [apiv2][query] POST https://cloudresourcemanager.googleapis.com/v1/projects/dfatto-a05ca:testIamPermissions [none]
[debug] [2024-09-24T18:55:20.175Z] >>> [apiv2][(partial)header] POST https://cloudresourcemanager.googleapis.com/v1/projects/dfatto-a05ca:testIamPermissions x-goog-quota-user=projects/dfatto-a05ca
[debug] [2024-09-24T18:55:20.175Z] >>> [apiv2][body] POST https://cloudresourcemanager.googleapis.com/v1/projects/dfatto-a05ca:testIamPermissions {"permissions":["firebase.projects.get"]}
[debug] [2024-09-24T18:55:20.301Z] <<< [apiv2][status] GET https://firebase-public.firebaseio.com/cli.json 200
[debug] [2024-09-24T18:55:20.301Z] <<< [apiv2][body] GET https://firebase-public.firebaseio.com/cli.json {"cloudBuildErrorAfter":1594252800000,"cloudBuildWarnAfter":1590019200000,"defaultNode10After":1594252800000,"minVersion":"3.0.5","node8DeploysDisabledAfter":1613390400000,"node8RuntimeDisabledAfter":1615809600000,"node8WarnAfter":1600128000000}
[debug] [2024-09-24T18:55:21.191Z] <<< [apiv2][status] POST https://cloudresourcemanager.googleapis.com/v1/projects/dfatto-a05ca:testIamPermissions 200
[debug] [2024-09-24T18:55:21.192Z] <<< [apiv2][body] POST https://cloudresourcemanager.googleapis.com/v1/projects/dfatto-a05ca:testIamPermissions {"permissions":["firebase.projects.get"]}
[debug] [2024-09-24T18:55:21.197Z] [functions] Functions Emulator only supports listening on one address (127.0.0.1). Not listening on ::1
[debug] [2024-09-24T18:55:21.198Z] defaultcredentials: writing to file C:\Users\romer\AppData\Roaming\firebase\romerobruno788_gmail_com_application_default_credentials.json
[debug] [2024-09-24T18:55:21.203Z] DEBUG: Setting GAC to C:\Users\romer\AppData\Roaming\firebase\romerobruno788_gmail_com_application_default_credentials.json
[debug] [2024-09-24T18:55:21.204Z] >>> [apiv2][query] GET https://firebase.googleapis.com/v1beta1/projects/dfatto-a05ca/adminSdkConfig [none]
[debug] [2024-09-24T18:55:22.033Z] <<< [apiv2][status] GET https://firebase.googleapis.com/v1beta1/projects/dfatto-a05ca/adminSdkConfig 200
[debug] [2024-09-24T18:55:22.033Z] <<< [apiv2][body] GET https://firebase.googleapis.com/v1beta1/projects/dfatto-a05ca/adminSdkConfig {"projectId":"dfatto-a05ca","storageBucket":"dfatto-a05ca.appspot.com","locationId":"southamerica-east1"}
[debug] [2024-09-24T18:55:22.041Z] [functions] Watching "C:\Users\romer\OneDrive\Documentos\projetosVS\projeto_imoveis\projeto-dfatto\functions" for Cloud Functions...
[debug] [2024-09-24T18:55:22.045Z] Validating nodejs source
[warn] !  functions: package.json indicates an outdated version of firebase-functions. Please upgrade using npm install --save firebase-functions@latest in your functions directory. 
[warn] !  functions: Please note that there will be breaking changes when you upgrade. 
[debug] [2024-09-24T18:55:23.342Z] > [functions] package.json contents: {
  "name": "functions",
  "scripts": {
    "lint": "eslint --ext .js,.ts .",
    "build": "tsc",
    "build:watch": "tsc --watch",
    "serve": "npm run build && firebase emulators:start --only functions",
    "shell": "npm run build && firebase functions:shell",
    "start": "npm run shell",
    "deploy": "firebase deploy --only functions",
    "logs": "firebase functions:log"
  },
  "engines": {
    "node": "18"
  },
  "main": "lib/index.js",
  "dependencies": {
    "firebase-admin": "^12.5.0",
    "firebase-functions": "^5.0.0"
  },
  "devDependencies": {
    "@typescript-eslint/eslint-plugin": "^5.12.0",
    "@typescript-eslint/parser": "^5.12.0",
    "eslint": "^8.9.0",
    "eslint-config-google": "^0.14.0",
    "eslint-plugin-import": "^2.25.4",
    "firebase-functions-test": "^3.1.0",
    "typescript": "^4.9.0"
  },
  "private": true
}
[debug] [2024-09-24T18:55:23.343Z] Building nodejs source
[debug] [2024-09-24T18:55:23.343Z] Failed to find version of module node: reached end of search path C:\Users\romer\OneDrive\Documentos\projetosVS\projeto_imoveis\projeto-dfatto\functions\node_modules
[warn] !  functions: Your requested "node" version "18" doesn't match your global version "20". Using node@20 from host. 
[debug] [2024-09-24T18:55:23.345Z] Could not find functions.yaml. Must use http discovery
[debug] [2024-09-24T18:55:23.353Z] Found firebase-functions binary at 'C:\Users\romer\OneDrive\Documentos\projetosVS\projeto_imoveis\projeto-dfatto\functions\node_modules\.bin\firebase-functions'
[info] Serving at port 8024

[debug] [2024-09-24T18:55:24.201Z] Got response from /__/functions.yaml {"endpoints":{"adicionarAdmin":{"platform":"gcfv1","labels":{},"availableMemoryMb":null,"timeoutSeconds":null,"minInstances":null,"maxInstances":null,"ingressSettings":null,"serviceAccountEmail":null,"vpc":null,"callableTrigger":{},"entryPoint":"adicionarAdmin"}},"specVersion":"v1alpha1","requiredAPIs":[],"extensions":{}}
[debug] [2024-09-24T18:55:29.244Z] [functions] Loaded functions definitions from source: adicionarAdmin.
[debug] [2024-09-24T18:55:29.245Z] [functions[us-central1-adicionarAdmin]] http function initialized (http://127.0.0.1:5000/dfatto-a05ca/us-central1/adicionarAdmin).
[info] i  functions: Loaded functions: adicionarAdmin 
[warn] !  functions: The following emulators are not running, calls to these services will affect production: firestore, database, pubsub, storage, eventarc, tasks 
[debug] [2024-09-24T18:56:40.272Z] >>> [apiv2][query] POST http://127.0.0.1:5000/dfatto-a05ca/us-central1/adicionarAdmin/ [none]
[debug] [2024-09-24T18:56:40.273Z] >>> [apiv2][body] POST http://127.0.0.1:5000/dfatto-a05ca/us-central1/adicionarAdmin/ {"userId":"0yuUWVYx0uhNnApbrzkXD4PXZJs2"}
[debug] [2024-09-24T18:56:40.283Z] [work-queue] {"queuedWork":["/dfatto-a05ca/us-central1/adicionarAdmin/-2024-09-24T18:56:40.283Z"],"queueLength":1,"runningWork":[],"workRunningCount":0}
[debug] [2024-09-24T18:56:40.283Z] [work-queue] {"queuedWork":[],"queueLength":0,"runningWork":["/dfatto-a05ca/us-central1/adicionarAdmin/-2024-09-24T18:56:40.283Z"],"workRunningCount":1}
[debug] [2024-09-24T18:56:40.284Z] Accepted request POST /dfatto-a05ca/us-central1/adicionarAdmin/ --> us-central1-adicionarAdmin
[debug] [2024-09-24T18:56:40.291Z] DEBUG: [functions] Runtime ready! Sending request!
[debug] [2024-09-24T18:56:40.292Z] DEBUG: [functions] Got req.url=/dfatto-a05ca/us-central1/adicionarAdmin/, mapping to path=/
[debug] [2024-09-24T18:56:40.334Z] DEBUG: [worker-pool] addWorker(us-central1-adicionarAdmin)
[debug] [2024-09-24T18:56:40.335Z] DEBUG: [worker-pool] Adding worker with key us-central1-adicionarAdmin, total=1
[debug] [2024-09-24T18:56:41.270Z] DEBUG: [runtime-status] [13988] Resolved module firebase-admin {"declared":true,"installed":true,"version":"12.5.0","resolution":"C:\\Users\\romer\\OneDrive\\Documentos\\projetosVS\\projeto_imoveis\\projeto-dfatto\\functions\\node_modules\\firebase-admin\\lib\\index.js"}
[debug] [2024-09-24T18:56:41.271Z] DEBUG: [runtime-status] [13988] Resolved module firebase-functions {"declared":true,"installed":true,"version":"5.1.1","resolution":"C:\\Users\\romer\\OneDrive\\Documentos\\projetosVS\\projeto_imoveis\\projeto-dfatto\\functions\\node_modules\\firebase-functions\\lib\\v1\\index.js"}
[debug] [2024-09-24T18:56:41.271Z] DEBUG: [runtime-status] [13988] Outgoing network have been stubbed. [{"name":"http","status":"mocked"},{"name":"http","status":"mocked"},{"name":"https","status":"mocked"},{"name":"https","status":"mocked"},{"name":"net","status":"mocked"}]
[debug] [2024-09-24T18:56:41.272Z] DEBUG: [runtime-status] [13988] Resolved module firebase-functions {"declared":true,"installed":true,"version":"5.1.1","resolution":"C:\\Users\\romer\\OneDrive\\Documentos\\projetosVS\\projeto_imoveis\\projeto-dfatto\\functions\\node_modules\\firebase-functions\\lib\\v1\\index.js"}
[debug] [2024-09-24T18:56:41.475Z] DEBUG: [runtime-status] [13988] Checked functions.config() {"config":{}}
[debug] [2024-09-24T18:56:41.475Z] DEBUG: [runtime-status] [13988] firebase-functions has been stubbed. {"functionsResolution":{"declared":true,"installed":true,"version":"5.1.1","resolution":"C:\\Users\\romer\\OneDrive\\Documentos\\projetosVS\\projeto_imoveis\\projeto-dfatto\\functions\\node_modules\\firebase-functions\\lib\\v1\\index.js"}}
[debug] [2024-09-24T18:56:41.476Z] DEBUG: [runtime-status] [13988] Resolved module firebase-functions {"declared":true,"installed":true,"version":"5.1.1","resolution":"C:\\Users\\romer\\OneDrive\\Documentos\\projetosVS\\projeto_imoveis\\projeto-dfatto\\functions\\node_modules\\firebase-functions\\lib\\v1\\index.js"}
[debug] [2024-09-24T18:56:41.477Z] DEBUG: [runtime-status] [13988] Resolved module firebase-admin {"declared":true,"installed":true,"version":"12.5.0","resolution":"C:\\Users\\romer\\OneDrive\\Documentos\\projetosVS\\projeto_imoveis\\projeto-dfatto\\functions\\node_modules\\firebase-admin\\lib\\index.js"}
[debug] [2024-09-24T18:56:41.478Z] DEBUG: [runtime-status] [13988] Resolved module firebase-functions {"declared":true,"installed":true,"version":"5.1.1","resolution":"C:\\Users\\romer\\OneDrive\\Documentos\\projetosVS\\projeto_imoveis\\projeto-dfatto\\functions\\node_modules\\firebase-functions\\lib\\v1\\index.js"}
[debug] [2024-09-24T18:56:41.479Z] DEBUG: [runtime-status] [13988] firebase-admin has been stubbed. {"adminResolution":{"declared":true,"installed":true,"version":"12.5.0","resolution":"C:\\Users\\romer\\OneDrive\\Documentos\\projetosVS\\projeto_imoveis\\projeto-dfatto\\functions\\node_modules\\firebase-admin\\lib\\index.js"}}
[debug] [2024-09-24T18:56:41.480Z] DEBUG: [runtime-status] [13988] initializeApp(DEFAULT) {"storageBucket":"dfatto-a05ca.appspot.com","projectId":"dfatto-a05ca"}
[debug] [2024-09-24T18:56:41.484Z] DEBUG: [runtime-status] [13988] Functions runtime initialized. {"cwd":"C:\\Users\\romer\\OneDrive\\Documentos\\projetosVS\\projeto_imoveis\\projeto-dfatto\\functions","node_version":"20.13.1"}
[debug] [2024-09-24T18:56:41.484Z] DEBUG: [runtime-status] [13988] Listening to port: \\?\pipe\fire_emu_0ea24f9729da3642
[debug] [2024-09-24T18:56:41.541Z] DEBUG: [worker-us-central1-adicionarAdmin-3fd2ecfc-7d56-4a96-8a0d-51f451848f64]: IDLE
[debug] [2024-09-24T18:56:41.541Z] DEBUG: [worker-pool] submitRequest(triggerId=us-central1-adicionarAdmin)
[debug] [2024-09-24T18:56:41.541Z] [functions] Beginning execution of "us-central1-adicionarAdmin"
[debug] [2024-09-24T18:56:41.541Z] DEBUG: [worker-us-central1-adicionarAdmin-3fd2ecfc-7d56-4a96-8a0d-51f451848f64]: BUSY
[info] >  {"userId":"0yuUWVYx0uhNnApbrzkXD4PXZJs2","severity":"WARNING","message":"Request body is missing data."} {"user":{"userId":"0yuUWVYx0uhNnApbrzkXD4PXZJs2","severity":"WARNING","message":"Request body is missing data."},"metadata":{"emulator":{"name":"functions"},"function":{"name":"us-central1-adicionarAdmin"},"extension":{},"message":"\u001b[90m> \u001b[39m {\"userId\":\"0yuUWVYx0uhNnApbrzkXD4PXZJs2\",\"severity\":\"WARNING\",\"message\":\"Request body is missing data.\"}"}}
[info] >  {"severity":"ERROR","message":"Error: Invalid request, unable to process.\n    at entryFromArgs (C:\\Users\\romer\\OneDrive\\Documentos\\projetosVS\\projeto_imoveis\\projeto-dfatto\\functions\\node_modules\\firebase-functions\\lib\\logger\\index.js:133:19)\n    at Object.error (C:\\Users\\romer\\OneDrive\\Documentos\\projetosVS\\projeto_imoveis\\projeto-dfatto\\functions\\node_modules\\firebase-functions\\lib\\logger\\index.js:120:11)\n    at C:\\Users\\romer\\OneDrive\\Documentos\\projetosVS\\projeto_imoveis\\projeto-dfatto\\functions\\node_modules\\firebase-functions\\lib\\common\\providers\\https.js:405:24\n    at C:\\Users\\romer\\OneDrive\\Documentos\\projetosVS\\projeto_imoveis\\projeto-dfatto\\functions\\node_modules\\firebase-functions\\lib\\common\\providers\\https.js:394:25\n    at cors (C:\\Users\\romer\\OneDrive\\Documentos\\projetosVS\\projeto_imoveis\\projeto-dfatto\\functions\\node_modules\\cors\\lib\\index.js:188:7)\n    at C:\\Users\\romer\\OneDrive\\Documentos\\projetosVS\\projeto_imoveis\\projeto-dfatto\\functions\\node_modules\\cors\\lib\\index.js:224:17\n    at originCallback (C:\\Users\\romer\\OneDrive\\Documentos\\projetosVS\\projeto_imoveis\\projeto-dfatto\\functions\\node_modules\\cors\\lib\\index.js:214:15)\n    at C:\\Users\\romer\\OneDrive\\Documentos\\projetosVS\\projeto_imoveis\\projeto-dfatto\\functions\\node_modules\\cors\\lib\\index.js:219:13\n    at optionsCallback (C:\\Users\\romer\\OneDrive\\Documentos\\projetosVS\\projeto_imoveis\\projeto-dfatto\\functions\\node_modules\\cors\\lib\\index.js:199:9)\n    at corsMiddleware (C:\\Users\\romer\\OneDrive\\Documentos\\projetosVS\\projeto_imoveis\\projeto-dfatto\\functions\\node_modules\\cors\\lib\\index.js:204:7)"} {"user":{"severity":"ERROR","message":"Error: Invalid request, unable to process.\n    at entryFromArgs (C:\\Users\\romer\\OneDrive\\Documentos\\projetosVS\\projeto_imoveis\\projeto-dfatto\\functions\\node_modules\\firebase-functions\\lib\\logger\\index.js:133:19)\n    at Object.error (C:\\Users\\romer\\OneDrive\\Documentos\\projetosVS\\projeto_imoveis\\projeto-dfatto\\functions\\node_modules\\firebase-functions\\lib\\logger\\index.js:120:11)\n    at C:\\Users\\romer\\OneDrive\\Documentos\\projetosVS\\projeto_imoveis\\projeto-dfatto\\functions\\node_modules\\firebase-functions\\lib\\common\\providers\\https.js:405:24\n    at C:\\Users\\romer\\OneDrive\\Documentos\\projetosVS\\projeto_imoveis\\projeto-dfatto\\functions\\node_modules\\firebase-functions\\lib\\common\\providers\\https.js:394:25\n    at cors (C:\\Users\\romer\\OneDrive\\Documentos\\projetosVS\\projeto_imoveis\\projeto-dfatto\\functions\\node_modules\\cors\\lib\\index.js:188:7)\n    at C:\\Users\\romer\\OneDrive\\Documentos\\projetosVS\\projeto_imoveis\\projeto-dfatto\\functions\\node_modules\\cors\\lib\\index.js:224:17\n    at originCallback (C:\\Users\\romer\\OneDrive\\Documentos\\projetosVS\\projeto_imoveis\\projeto-dfatto\\functions\\node_modules\\cors\\lib\\index.js:214:15)\n    at C:\\Users\\romer\\OneDrive\\Documentos\\projetosVS\\projeto_imoveis\\projeto-dfatto\\functions\\node_modules\\cors\\lib\\index.js:219:13\n    at optionsCallback (C:\\Users\\romer\\OneDrive\\Documentos\\projetosVS\\projeto_imoveis\\projeto-dfatto\\functions\\node_modules\\cors\\lib\\index.js:199:9)\n    at corsMiddleware (C:\\Users\\romer\\OneDrive\\Documentos\\projetosVS\\projeto_imoveis\\projeto-dfatto\\functions\\node_modules\\cors\\lib\\index.js:204:7)"},"metadata":{"emulator":{"name":"functions"},"function":{"name":"us-central1-adicionarAdmin"},"extension":{},"message":"\u001b[90m> \u001b[39m {\"severity\":\"ERROR\",\"message\":\"Error: Invalid request, unable to process.\\n    at entryFromArgs (C:\\\\Users\\\\romer\\\\OneDrive\\\\Documentos\\\\projetosVS\\\\projeto_imoveis\\\\projeto-dfatto\\\\functions\\\\node_modules\\\\firebase-functions\\\\lib\\\\logger\\\\index.js:133:19)\\n    at Object.error (C:\\\\Users\\\\romer\\\\OneDrive\\\\Documentos\\\\projetosVS\\\\projeto_imoveis\\\\projeto-dfatto\\\\functions\\\\node_modules\\\\firebase-functions\\\\lib\\\\logger\\\\index.js:120:11)\\n    at C:\\\\Users\\\\romer\\\\OneDrive\\\\Documentos\\\\projetosVS\\\\projeto_imoveis\\\\projeto-dfatto\\\\functions\\\\node_modules\\\\firebase-functions\\\\lib\\\\common\\\\providers\\\\https.js:405:24\\n    at C:\\\\Users\\\\romer\\\\OneDrive\\\\Documentos\\\\projetosVS\\\\projeto_imoveis\\\\projeto-dfatto\\\\functions\\\\node_modules\\\\firebase-functions\\\\lib\\\\common\\\\providers\\\\https.js:394:25\\n    at cors (C:\\\\Users\\\\romer\\\\OneDrive\\\\Documentos\\\\projetosVS\\\\projeto_imoveis\\\\projeto-dfatto\\\\functions\\\\node_modules\\\\cors\\\\lib\\\\index.js:188:7)\\n    at C:\\\\Users\\\\romer\\\\OneDrive\\\\Documentos\\\\projetosVS\\\\projeto_imoveis\\\\projeto-dfatto\\\\functions\\\\node_modules\\\\cors\\\\lib\\\\index.js:224:17\\n    at originCallback (C:\\\\Users\\\\romer\\\\OneDrive\\\\Documentos\\\\projetosVS\\\\projeto_imoveis\\\\projeto-dfatto\\\\functions\\\\node_modules\\\\cors\\\\lib\\\\index.js:214:15)\\n    at C:\\\\Users\\\\romer\\\\OneDrive\\\\Documentos\\\\projetosVS\\\\projeto_imoveis\\\\projeto-dfatto\\\\functions\\\\node_modules\\\\cors\\\\lib\\\\index.js:219:13\\n    at optionsCallback (C:\\\\Users\\\\romer\\\\OneDrive\\\\Documentos\\\\projetosVS\\\\projeto_imoveis\\\\projeto-dfatto\\\\functions\\\\node_modules\\\\cors\\\\lib\\\\index.js:199:9)\\n    at corsMiddleware (C:\\\\Users\\\\romer\\\\OneDrive\\\\Documentos\\\\projetosVS\\\\projeto_imoveis\\\\projeto-dfatto\\\\functions\\\\node_modules\\\\cors\\\\lib\\\\index.js:204:7)\"}"}}
[debug] [2024-09-24T18:56:41.555Z] DEBUG: Finishing up request with event=pause
[debug] [2024-09-24T18:56:41.556Z] [functions] Finished "us-central1-adicionarAdmin" in 14.2907ms
[debug] [2024-09-24T18:56:41.556Z] DEBUG: [worker-us-central1-adicionarAdmin-3fd2ecfc-7d56-4a96-8a0d-51f451848f64]: IDLE
[debug] [2024-09-24T18:56:41.556Z] DEBUG: Finishing up request with event=finish
[debug] [2024-09-24T18:56:41.556Z] DEBUG: Finishing up request with event=close
[debug] [2024-09-24T18:56:41.556Z] [work-queue] {"queuedWork":[],"queueLength":0,"runningWork":[],"workRunningCount":0}
[debug] [2024-09-24T18:56:41.556Z] <<< [apiv2][status] POST http://127.0.0.1:5000/dfatto-a05ca/us-central1/adicionarAdmin/ 400
[debug] [2024-09-24T18:56:41.557Z] <<< [apiv2][body] POST http://127.0.0.1:5000/dfatto-a05ca/us-central1/adicionarAdmin/ {"error":{"message":"Bad Request","status":"INVALID_ARGUMENT"}}
[debug] [2024-09-24T19:00:21.732Z] >>> [apiv2][query] POST http://127.0.0.1:5000/dfatto-a05ca/us-central1/adicionarAdmin/ [none]
[debug] [2024-09-24T19:00:21.735Z] >>> [apiv2][body] POST http://127.0.0.1:5000/dfatto-a05ca/us-central1/adicionarAdmin/ {"userId":"0yuUWVYx0uhNnApbrzkXD4PXZJs2"}
[debug] [2024-09-24T19:00:21.773Z] [work-queue] {"queuedWork":["/dfatto-a05ca/us-central1/adicionarAdmin/-2024-09-24T19:00:21.772Z"],"queueLength":1,"runningWork":[],"workRunningCount":0}
[debug] [2024-09-24T19:00:21.773Z] [work-queue] {"queuedWork":[],"queueLength":0,"runningWork":["/dfatto-a05ca/us-central1/adicionarAdmin/-2024-09-24T19:00:21.772Z"],"workRunningCount":1}
[debug] [2024-09-24T19:00:21.773Z] Accepted request POST /dfatto-a05ca/us-central1/adicionarAdmin/ --> us-central1-adicionarAdmin
[debug] [2024-09-24T19:00:21.813Z] DEBUG: [functions] Runtime ready! Sending request!
[debug] [2024-09-24T19:00:21.814Z] DEBUG: [functions] Got req.url=/dfatto-a05ca/us-central1/adicionarAdmin/, mapping to path=/
[debug] [2024-09-24T19:00:21.814Z] DEBUG: [worker-pool] submitRequest(triggerId=us-central1-adicionarAdmin)
[debug] [2024-09-24T19:00:21.814Z] [functions] Beginning execution of "us-central1-adicionarAdmin"
[debug] [2024-09-24T19:00:21.814Z] DEBUG: [worker-us-central1-adicionarAdmin-3fd2ecfc-7d56-4a96-8a0d-51f451848f64]: BUSY
[info] >  {"userId":"0yuUWVYx0uhNnApbrzkXD4PXZJs2","severity":"WARNING","message":"Request body is missing data."} {"user":{"userId":"0yuUWVYx0uhNnApbrzkXD4PXZJs2","severity":"WARNING","message":"Request body is missing data."},"metadata":{"emulator":{"name":"functions"},"function":{"name":"us-central1-adicionarAdmin"},"extension":{},"message":"\u001b[90m> \u001b[39m {\"userId\":\"0yuUWVYx0uhNnApbrzkXD4PXZJs2\",\"severity\":\"WARNING\",\"message\":\"Request body is missing data.\"}"}}
[info] >  {"severity":"ERROR","message":"Error: Invalid request, unable to process.\n    at entryFromArgs (C:\\Users\\romer\\OneDrive\\Documentos\\projetosVS\\projeto_imoveis\\projeto-dfatto\\functions\\node_modules\\firebase-functions\\lib\\logger\\index.js:133:19)\n    at Object.error (C:\\Users\\romer\\OneDrive\\Documentos\\projetosVS\\projeto_imoveis\\projeto-dfatto\\functions\\node_modules\\firebase-functions\\lib\\logger\\index.js:120:11)\n    at C:\\Users\\romer\\OneDrive\\Documentos\\projetosVS\\projeto_imoveis\\projeto-dfatto\\functions\\node_modules\\firebase-functions\\lib\\common\\providers\\https.js:405:24\n    at C:\\Users\\romer\\OneDrive\\Documentos\\projetosVS\\projeto_imoveis\\projeto-dfatto\\functions\\node_modules\\firebase-functions\\lib\\common\\providers\\https.js:394:25\n    at cors (C:\\Users\\romer\\OneDrive\\Documentos\\projetosVS\\projeto_imoveis\\projeto-dfatto\\functions\\node_modules\\cors\\lib\\index.js:188:7)\n    at C:\\Users\\romer\\OneDrive\\Documentos\\projetosVS\\projeto_imoveis\\projeto-dfatto\\functions\\node_modules\\cors\\lib\\index.js:224:17\n    at originCallback (C:\\Users\\romer\\OneDrive\\Documentos\\projetosVS\\projeto_imoveis\\projeto-dfatto\\functions\\node_modules\\cors\\lib\\index.js:214:15)\n    at C:\\Users\\romer\\OneDrive\\Documentos\\projetosVS\\projeto_imoveis\\projeto-dfatto\\functions\\node_modules\\cors\\lib\\index.js:219:13\n    at optionsCallback (C:\\Users\\romer\\OneDrive\\Documentos\\projetosVS\\projeto_imoveis\\projeto-dfatto\\functions\\node_modules\\cors\\lib\\index.js:199:9)\n    at corsMiddleware (C:\\Users\\romer\\OneDrive\\Documentos\\projetosVS\\projeto_imoveis\\projeto-dfatto\\functions\\node_modules\\cors\\lib\\index.js:204:7)"} {"user":{"severity":"ERROR","message":"Error: Invalid request, unable to process.\n    at entryFromArgs (C:\\Users\\romer\\OneDrive\\Documentos\\projetosVS\\projeto_imoveis\\projeto-dfatto\\functions\\node_modules\\firebase-functions\\lib\\logger\\index.js:133:19)\n    at Object.error (C:\\Users\\romer\\OneDrive\\Documentos\\projetosVS\\projeto_imoveis\\projeto-dfatto\\functions\\node_modules\\firebase-functions\\lib\\logger\\index.js:120:11)\n    at C:\\Users\\romer\\OneDrive\\Documentos\\projetosVS\\projeto_imoveis\\projeto-dfatto\\functions\\node_modules\\firebase-functions\\lib\\common\\providers\\https.js:405:24\n    at C:\\Users\\romer\\OneDrive\\Documentos\\projetosVS\\projeto_imoveis\\projeto-dfatto\\functions\\node_modules\\firebase-functions\\lib\\common\\providers\\https.js:394:25\n    at cors (C:\\Users\\romer\\OneDrive\\Documentos\\projetosVS\\projeto_imoveis\\projeto-dfatto\\functions\\node_modules\\cors\\lib\\index.js:188:7)\n    at C:\\Users\\romer\\OneDrive\\Documentos\\projetosVS\\projeto_imoveis\\projeto-dfatto\\functions\\node_modules\\cors\\lib\\index.js:224:17\n    at originCallback (C:\\Users\\romer\\OneDrive\\Documentos\\projetosVS\\projeto_imoveis\\projeto-dfatto\\functions\\node_modules\\cors\\lib\\index.js:214:15)\n    at C:\\Users\\romer\\OneDrive\\Documentos\\projetosVS\\projeto_imoveis\\projeto-dfatto\\functions\\node_modules\\cors\\lib\\index.js:219:13\n    at optionsCallback (C:\\Users\\romer\\OneDrive\\Documentos\\projetosVS\\projeto_imoveis\\projeto-dfatto\\functions\\node_modules\\cors\\lib\\index.js:199:9)\n    at corsMiddleware (C:\\Users\\romer\\OneDrive\\Documentos\\projetosVS\\projeto_imoveis\\projeto-dfatto\\functions\\node_modules\\cors\\lib\\index.js:204:7)"},"metadata":{"emulator":{"name":"functions"},"function":{"name":"us-central1-adicionarAdmin"},"extension":{},"message":"\u001b[90m> \u001b[39m {\"severity\":\"ERROR\",\"message\":\"Error: Invalid request, unable to process.\\n    at entryFromArgs (C:\\\\Users\\\\romer\\\\OneDrive\\\\Documentos\\\\projetosVS\\\\projeto_imoveis\\\\projeto-dfatto\\\\functions\\\\node_modules\\\\firebase-functions\\\\lib\\\\logger\\\\index.js:133:19)\\n    at Object.error (C:\\\\Users\\\\romer\\\\OneDrive\\\\Documentos\\\\projetosVS\\\\projeto_imoveis\\\\projeto-dfatto\\\\functions\\\\node_modules\\\\firebase-functions\\\\lib\\\\logger\\\\index.js:120:11)\\n    at C:\\\\Users\\\\romer\\\\OneDrive\\\\Documentos\\\\projetosVS\\\\projeto_imoveis\\\\projeto-dfatto\\\\functions\\\\node_modules\\\\firebase-functions\\\\lib\\\\common\\\\providers\\\\https.js:405:24\\n    at C:\\\\Users\\\\romer\\\\OneDrive\\\\Documentos\\\\projetosVS\\\\projeto_imoveis\\\\projeto-dfatto\\\\functions\\\\node_modules\\\\firebase-functions\\\\lib\\\\common\\\\providers\\\\https.js:394:25\\n    at cors (C:\\\\Users\\\\romer\\\\OneDrive\\\\Documentos\\\\projetosVS\\\\projeto_imoveis\\\\projeto-dfatto\\\\functions\\\\node_modules\\\\cors\\\\lib\\\\index.js:188:7)\\n    at C:\\\\Users\\\\romer\\\\OneDrive\\\\Documentos\\\\projetosVS\\\\projeto_imoveis\\\\projeto-dfatto\\\\functions\\\\node_modules\\\\cors\\\\lib\\\\index.js:224:17\\n    at originCallback (C:\\\\Users\\\\romer\\\\OneDrive\\\\Documentos\\\\projetosVS\\\\projeto_imoveis\\\\projeto-dfatto\\\\functions\\\\node_modules\\\\cors\\\\lib\\\\index.js:214:15)\\n    at C:\\\\Users\\\\romer\\\\OneDrive\\\\Documentos\\\\projetosVS\\\\projeto_imoveis\\\\projeto-dfatto\\\\functions\\\\node_modules\\\\cors\\\\lib\\\\index.js:219:13\\n    at optionsCallback (C:\\\\Users\\\\romer\\\\OneDrive\\\\Documentos\\\\projetosVS\\\\projeto_imoveis\\\\projeto-dfatto\\\\functions\\\\node_modules\\\\cors\\\\lib\\\\index.js:199:9)\\n    at corsMiddleware (C:\\\\Users\\\\romer\\\\OneDrive\\\\Documentos\\\\projetosVS\\\\projeto_imoveis\\\\projeto-dfatto\\\\functions\\\\node_modules\\\\cors\\\\lib\\\\index.js:204:7)\"}"}}
[debug] [2024-09-24T19:00:21.944Z] DEBUG: Finishing up request with event=pause
[debug] [2024-09-24T19:00:21.944Z] [functions] Finished "us-central1-adicionarAdmin" in 129.3153ms
[debug] [2024-09-24T19:00:21.944Z] DEBUG: [worker-us-central1-adicionarAdmin-3fd2ecfc-7d56-4a96-8a0d-51f451848f64]: IDLE
[debug] [2024-09-24T19:00:21.944Z] DEBUG: Finishing up request with event=finish
[debug] [2024-09-24T19:00:21.944Z] DEBUG: Finishing up request with event=close
[debug] [2024-09-24T19:00:21.944Z] [work-queue] {"queuedWork":[],"queueLength":0,"runningWork":[],"workRunningCount":0}
[debug] [2024-09-24T19:00:21.945Z] <<< [apiv2][status] POST http://127.0.0.1:5000/dfatto-a05ca/us-central1/adicionarAdmin/ 400
[debug] [2024-09-24T19:00:21.945Z] <<< [apiv2][body] POST http://127.0.0.1:5000/dfatto-a05ca/us-central1/adicionarAdmin/ {"error":{"message":"Bad Request","status":"INVALID_ARGUMENT"}}
[debug] [2024-09-24T19:06:17.963Z] >>> [apiv2][query] POST http://127.0.0.1:5000/dfatto-a05ca/us-central1/adicionarAdmin/ [none]
[debug] [2024-09-24T19:06:17.964Z] >>> [apiv2][body] POST http://127.0.0.1:5000/dfatto-a05ca/us-central1/adicionarAdmin/ {"data":{"userId":"0yuUWVYx0uhNnApbrzkXD4PXZJs2"}}
[debug] [2024-09-24T19:06:17.972Z] [work-queue] {"queuedWork":["/dfatto-a05ca/us-central1/adicionarAdmin/-2024-09-24T19:06:17.971Z"],"queueLength":1,"runningWork":[],"workRunningCount":0}
[debug] [2024-09-24T19:06:17.972Z] [work-queue] {"queuedWork":[],"queueLength":0,"runningWork":["/dfatto-a05ca/us-central1/adicionarAdmin/-2024-09-24T19:06:17.971Z"],"workRunningCount":1}
[debug] [2024-09-24T19:06:17.972Z] Accepted request POST /dfatto-a05ca/us-central1/adicionarAdmin/ --> us-central1-adicionarAdmin
[debug] [2024-09-24T19:06:17.975Z] DEBUG: [functions] Runtime ready! Sending request!
[debug] [2024-09-24T19:06:17.975Z] DEBUG: [functions] Got req.url=/dfatto-a05ca/us-central1/adicionarAdmin/, mapping to path=/
[debug] [2024-09-24T19:06:17.975Z] DEBUG: [worker-pool] submitRequest(triggerId=us-central1-adicionarAdmin)
[debug] [2024-09-24T19:06:17.975Z] [functions] Beginning execution of "us-central1-adicionarAdmin"
[debug] [2024-09-24T19:06:17.975Z] DEBUG: [worker-us-central1-adicionarAdmin-3fd2ecfc-7d56-4a96-8a0d-51f451848f64]: BUSY
[info] >  {"verifications":{"app":"MISSING","auth":"MISSING"},"logging.googleapis.com/labels":{"firebase-log-type":"callable-request-verification"},"severity":"DEBUG","message":"Callable request verification passed"} {"user":{"verifications":{"app":"MISSING","auth":"MISSING"},"logging.googleapis.com/labels":{"firebase-log-type":"callable-request-verification"},"severity":"DEBUG","message":"Callable request verification passed"},"metadata":{"emulator":{"name":"functions"},"function":{"name":"us-central1-adicionarAdmin"},"extension":{},"message":"\u001b[90m> \u001b[39m {\"verifications\":{\"app\":\"MISSING\",\"auth\":\"MISSING\"},\"logging.googleapis.com/labels\":{\"firebase-log-type\":\"callable-request-verification\"},\"severity\":\"DEBUG\",\"message\":\"Callable request verification passed\"}"}}
[debug] [2024-09-24T19:06:18.012Z] DEBUG: [runtime-status] [13988] No callable functions auth found
[warn] !  functions: The Firebase Authentication emulator is not running, so calls to Firebase Authentication will affect production. {"metadata":{"emulator":{"name":"functions"},"function":{"name":"us-central1-adicionarAdmin"},"extension":{},"message":"The Firebase Authentication emulator is not running, so calls to Firebase Authentication will affect production."}}
[debug] [2024-09-24T19:06:18.960Z] DEBUG: Finishing up request with event=pause
[debug] [2024-09-24T19:06:18.962Z] [functions] Finished "us-central1-adicionarAdmin" in 984.8858ms
[debug] [2024-09-24T19:06:18.963Z] DEBUG: [worker-us-central1-adicionarAdmin-3fd2ecfc-7d56-4a96-8a0d-51f451848f64]: IDLE
[debug] [2024-09-24T19:06:18.963Z] DEBUG: Finishing up request with event=finish
[debug] [2024-09-24T19:06:18.963Z] DEBUG: Finishing up request with event=close
[debug] [2024-09-24T19:06:18.963Z] [work-queue] {"queuedWork":[],"queueLength":0,"runningWork":[],"workRunningCount":0}
[debug] [2024-09-24T19:06:18.966Z] <<< [apiv2][status] POST http://127.0.0.1:5000/dfatto-a05ca/us-central1/adicionarAdmin/ 200
[debug] [2024-09-24T19:06:18.966Z] <<< [apiv2][body] POST http://127.0.0.1:5000/dfatto-a05ca/us-central1/adicionarAdmin/ {"result":{"message":"Usuário 0yuUWVYx0uhNnApbrzkXD4PXZJs2 agora é admin."}}
